C:\Users\U3JW\Documents\Visual Studio 2017\Projects\Angular2MVC\Angular2MVC\app\main.js
C:\Users\U3JW\Documents\Visual Studio 2017\Projects\Angular2MVC\Angular2MVC\app\main.js.map
C:\Users\U3JW\Documents\Visual Studio 2017\Projects\Angular2MVC\Angular2MVC\app\app.component.js
C:\Users\U3JW\Documents\Visual Studio 2017\Projects\Angular2MVC\Angular2MVC\app\app.component.js.map
C:\Users\U3JW\Documents\Visual Studio 2017\Projects\Angular2MVC\Angular2MVC\app\components\home.component.js
C:\Users\U3JW\Documents\Visual Studio 2017\Projects\Angular2MVC\Angular2MVC\app\components\home.component.js.map
C:\Users\U3JW\Documents\Visual Studio 2017\Projects\Angular2MVC\Angular2MVC\app\app.routing.js
C:\Users\U3JW\Documents\Visual Studio 2017\Projects\Angular2MVC\Angular2MVC\app\app.routing.js.map
C:\Users\U3JW\Documents\Visual Studio 2017\Projects\Angular2MVC\Angular2MVC\app\app.module.js
C:\Users\U3JW\Documents\Visual Studio 2017\Projects\Angular2MVC\Angular2MVC\app\app.module.js.map
C:\Users\U3JW\Documents\Visual Studio 2017\Projects\Angular2MVC\Angular2MVC\app\main.js
C:\Users\U3JW\Documents\Visual Studio 2017\Projects\Angular2MVC\Angular2MVC\app\main.js.map
C:\Users\U3JW\Documents\Visual Studio 2017\Projects\Angular2MVC\Angular2MVC\app\app.component.js
C:\Users\U3JW\Documents\Visual Studio 2017\Projects\Angular2MVC\Angular2MVC\app\app.component.js.map
C:\Users\U3JW\Documents\Visual Studio 2017\Projects\Angular2MVC\Angular2MVC\app\components\home.component.js
C:\Users\U3JW\Documents\Visual Studio 2017\Projects\Angular2MVC\Angular2MVC\app\components\home.component.js.map
C:\Users\U3JW\Documents\Visual Studio 2017\Projects\Angular2MVC\Angular2MVC\app\app.routing.js
C:\Users\U3JW\Documents\Visual Studio 2017\Projects\Angular2MVC\Angular2MVC\app\app.routing.js.map
C:\Users\U3JW\Documents\Visual Studio 2017\Projects\Angular2MVC\Angular2MVC\app\app.module.js
C:\Users\U3JW\Documents\Visual Studio 2017\Projects\Angular2MVC\Angular2MVC\app\app.module.js.map
C:\Users\U3JW\Documents\Visual Studio 2017\Projects\Angular2MVC\Angular2MVC\app\main.js
C:\Users\U3JW\Documents\Visual Studio 2017\Projects\Angular2MVC\Angular2MVC\app\main.js.map
C:\Users\U3JW\Documents\Visual Studio 2017\Projects\Angular2MVC\Angular2MVC\app\service\user.service.js
C:\Users\U3JW\Documents\Visual Studio 2017\Projects\Angular2MVC\Angular2MVC\app\service\user.service.js.map
C:\Users\U3JW\Documents\Visual Studio 2017\Projects\Angular2MVC\Angular2MVC\app\models\user.js
C:\Users\U3JW\Documents\Visual Studio 2017\Projects\Angular2MVC\Angular2MVC\app\models\user.js.map
C:\Users\U3JW\Documents\Visual Studio 2017\Projects\Angular2MVC\Angular2MVC\app\shared\enum.js
C:\Users\U3JW\Documents\Visual Studio 2017\Projects\Angular2MVC\Angular2MVC\app\shared\enum.js.map
C:\Users\U3JW\Documents\Visual Studio 2017\Projects\Angular2MVC\Angular2MVC\app\shared\global.js
C:\Users\U3JW\Documents\Visual Studio 2017\Projects\Angular2MVC\Angular2MVC\app\shared\global.js.map
C:\Users\U3JW\Documents\Visual Studio 2017\Projects\Angular2MVC\Angular2MVC\app\components\user.component.js
C:\Users\U3JW\Documents\Visual Studio 2017\Projects\Angular2MVC\Angular2MVC\app\components\user.component.js.map
C:\Users\U3JW\Documents\Visual Studio 2017\Projects\Angular2MVC\Angular2MVC\app\app.component.js
C:\Users\U3JW\Documents\Visual Studio 2017\Projects\Angular2MVC\Angular2MVC\app\app.component.js.map
C:\Users\U3JW\Documents\Visual Studio 2017\Projects\Angular2MVC\Angular2MVC\app\components\home.component.js
C:\Users\U3JW\Documents\Visual Studio 2017\Projects\Angular2MVC\Angular2MVC\app\components\home.component.js.map
C:\Users\U3JW\Documents\Visual Studio 2017\Projects\Angular2MVC\Angular2MVC\app\app.routing.js
C:\Users\U3JW\Documents\Visual Studio 2017\Projects\Angular2MVC\Angular2MVC\app\app.routing.js.map
C:\Users\U3JW\Documents\Visual Studio 2017\Projects\Angular2MVC\Angular2MVC\app\app.module.js
C:\Users\U3JW\Documents\Visual Studio 2017\Projects\Angular2MVC\Angular2MVC\app\app.module.js.map
C:\Users\U3JW\Documents\Visual Studio 2017\Projects\Angular2MVC\Angular2MVC\app\main.js
C:\Users\U3JW\Documents\Visual Studio 2017\Projects\Angular2MVC\Angular2MVC\app\main.js.map
C:\Users\U3JW\Documents\Visual Studio 2017\Projects\Angular2MVC\Angular2MVC\app\service\user.service.js
C:\Users\U3JW\Documents\Visual Studio 2017\Projects\Angular2MVC\Angular2MVC\app\service\user.service.js.map
C:\Users\U3JW\Documents\Visual Studio 2017\Projects\Angular2MVC\Angular2MVC\app\models\user.js
C:\Users\U3JW\Documents\Visual Studio 2017\Projects\Angular2MVC\Angular2MVC\app\models\user.js.map
C:\Users\U3JW\Documents\Visual Studio 2017\Projects\Angular2MVC\Angular2MVC\app\shared\enum.js
C:\Users\U3JW\Documents\Visual Studio 2017\Projects\Angular2MVC\Angular2MVC\app\shared\enum.js.map
C:\Users\U3JW\Documents\Visual Studio 2017\Projects\Angular2MVC\Angular2MVC\app\shared\global.js
C:\Users\U3JW\Documents\Visual Studio 2017\Projects\Angular2MVC\Angular2MVC\app\shared\global.js.map
C:\Users\U3JW\Documents\Visual Studio 2017\Projects\Angular2MVC\Angular2MVC\app\components\user.component.js
C:\Users\U3JW\Documents\Visual Studio 2017\Projects\Angular2MVC\Angular2MVC\app\components\user.component.js.map
C:\Users\U3JW\Documents\Visual Studio 2017\Projects\Angular2MVC\Angular2MVC\app\app.component.js
C:\Users\U3JW\Documents\Visual Studio 2017\Projects\Angular2MVC\Angular2MVC\app\app.component.js.map
C:\Users\U3JW\Documents\Visual Studio 2017\Projects\Angular2MVC\Angular2MVC\app\components\home.component.js
C:\Users\U3JW\Documents\Visual Studio 2017\Projects\Angular2MVC\Angular2MVC\app\components\home.component.js.map
C:\Users\U3JW\Documents\Visual Studio 2017\Projects\Angular2MVC\Angular2MVC\app\app.routing.js
C:\Users\U3JW\Documents\Visual Studio 2017\Projects\Angular2MVC\Angular2MVC\app\app.routing.js.map
C:\Users\U3JW\Documents\Visual Studio 2017\Projects\Angular2MVC\Angular2MVC\app\app.module.js
C:\Users\U3JW\Documents\Visual Studio 2017\Projects\Angular2MVC\Angular2MVC\app\app.module.js.map
C:\Users\U3JW\Documents\Visual Studio 2017\Projects\Angular2MVC\Angular2MVC\app\main.js
C:\Users\U3JW\Documents\Visual Studio 2017\Projects\Angular2MVC\Angular2MVC\app\main.js.map
C:\Users\U3JW\Documents\Visual Studio 2017\Projects\Angular2MVC\Angular2MVC\app\service\user.service.js
C:\Users\U3JW\Documents\Visual Studio 2017\Projects\Angular2MVC\Angular2MVC\app\service\user.service.js.map
C:\Users\U3JW\Documents\Visual Studio 2017\Projects\Angular2MVC\Angular2MVC\app\models\user.js
C:\Users\U3JW\Documents\Visual Studio 2017\Projects\Angular2MVC\Angular2MVC\app\models\user.js.map
C:\Users\U3JW\Documents\Visual Studio 2017\Projects\Angular2MVC\Angular2MVC\app\shared\enum.js
C:\Users\U3JW\Documents\Visual Studio 2017\Projects\Angular2MVC\Angular2MVC\app\shared\enum.js.map
C:\Users\U3JW\Documents\Visual Studio 2017\Projects\Angular2MVC\Angular2MVC\app\shared\global.js
C:\Users\U3JW\Documents\Visual Studio 2017\Projects\Angular2MVC\Angular2MVC\app\shared\global.js.map
C:\Users\U3JW\Documents\Visual Studio 2017\Projects\Angular2MVC\Angular2MVC\app\components\user.component.js
C:\Users\U3JW\Documents\Visual Studio 2017\Projects\Angular2MVC\Angular2MVC\app\components\user.component.js.map
C:\Users\U3JW\Documents\Visual Studio 2017\Projects\Angular2MVC\Angular2MVC\app\app.component.js
C:\Users\U3JW\Documents\Visual Studio 2017\Projects\Angular2MVC\Angular2MVC\app\app.component.js.map
C:\Users\U3JW\Documents\Visual Studio 2017\Projects\Angular2MVC\Angular2MVC\app\components\home.component.js
C:\Users\U3JW\Documents\Visual Studio 2017\Projects\Angular2MVC\Angular2MVC\app\components\home.component.js.map
C:\Users\U3JW\Documents\Visual Studio 2017\Projects\Angular2MVC\Angular2MVC\app\app.routing.js
C:\Users\U3JW\Documents\Visual Studio 2017\Projects\Angular2MVC\Angular2MVC\app\app.routing.js.map
C:\Users\U3JW\Documents\Visual Studio 2017\Projects\Angular2MVC\Angular2MVC\app\app.module.js
C:\Users\U3JW\Documents\Visual Studio 2017\Projects\Angular2MVC\Angular2MVC\app\app.module.js.map
C:\Users\U3JW\Documents\Visual Studio 2017\Projects\Angular2MVC\Angular2MVC\app\main.js
C:\Users\U3JW\Documents\Visual Studio 2017\Projects\Angular2MVC\Angular2MVC\app\main.js.map
C:\Users\U3JW\Documents\Visual Studio 2017\Projects\Angular2MVC\Angular2MVC\app\service\user.service.js
C:\Users\U3JW\Documents\Visual Studio 2017\Projects\Angular2MVC\Angular2MVC\app\service\user.service.js.map
C:\Users\U3JW\Documents\Visual Studio 2017\Projects\Angular2MVC\Angular2MVC\app\models\user.js
C:\Users\U3JW\Documents\Visual Studio 2017\Projects\Angular2MVC\Angular2MVC\app\models\user.js.map
C:\Users\U3JW\Documents\Visual Studio 2017\Projects\Angular2MVC\Angular2MVC\app\shared\enum.js
C:\Users\U3JW\Documents\Visual Studio 2017\Projects\Angular2MVC\Angular2MVC\app\shared\enum.js.map
C:\Users\U3JW\Documents\Visual Studio 2017\Projects\Angular2MVC\Angular2MVC\app\shared\global.js
C:\Users\U3JW\Documents\Visual Studio 2017\Projects\Angular2MVC\Angular2MVC\app\shared\global.js.map
C:\Users\U3JW\Documents\Visual Studio 2017\Projects\Angular2MVC\Angular2MVC\app\components\user.component.js
C:\Users\U3JW\Documents\Visual Studio 2017\Projects\Angular2MVC\Angular2MVC\app\components\user.component.js.map
C:\Users\U3JW\Documents\Visual Studio 2017\Projects\Angular2MVC\Angular2MVC\app\app.component.js
C:\Users\U3JW\Documents\Visual Studio 2017\Projects\Angular2MVC\Angular2MVC\app\app.component.js.map
C:\Users\U3JW\Documents\Visual Studio 2017\Projects\Angular2MVC\Angular2MVC\app\components\home.component.js
C:\Users\U3JW\Documents\Visual Studio 2017\Projects\Angular2MVC\Angular2MVC\app\components\home.component.js.map
C:\Users\U3JW\Documents\Visual Studio 2017\Projects\Angular2MVC\Angular2MVC\app\app.routing.js
C:\Users\U3JW\Documents\Visual Studio 2017\Projects\Angular2MVC\Angular2MVC\app\app.routing.js.map
C:\Users\U3JW\Documents\Visual Studio 2017\Projects\Angular2MVC\Angular2MVC\app\app.module.js
C:\Users\U3JW\Documents\Visual Studio 2017\Projects\Angular2MVC\Angular2MVC\app\app.module.js.map
C:\Users\U3JW\Documents\Visual Studio 2017\Projects\Angular2MVC\Angular2MVC\app\main.js
C:\Users\U3JW\Documents\Visual Studio 2017\Projects\Angular2MVC\Angular2MVC\app\main.js.map
C:\Users\U3JW\Documents\Visual Studio 2017\Projects\Angular2MVC\Angular2MVC\app\service\user.service.js
C:\Users\U3JW\Documents\Visual Studio 2017\Projects\Angular2MVC\Angular2MVC\app\service\user.service.js.map
C:\Users\U3JW\Documents\Visual Studio 2017\Projects\Angular2MVC\Angular2MVC\app\models\user.js
C:\Users\U3JW\Documents\Visual Studio 2017\Projects\Angular2MVC\Angular2MVC\app\models\user.js.map
C:\Users\U3JW\Documents\Visual Studio 2017\Projects\Angular2MVC\Angular2MVC\app\shared\enum.js
C:\Users\U3JW\Documents\Visual Studio 2017\Projects\Angular2MVC\Angular2MVC\app\shared\enum.js.map
C:\Users\U3JW\Documents\Visual Studio 2017\Projects\Angular2MVC\Angular2MVC\app\shared\global.js
C:\Users\U3JW\Documents\Visual Studio 2017\Projects\Angular2MVC\Angular2MVC\app\shared\global.js.map
C:\Users\U3JW\Documents\Visual Studio 2017\Projects\Angular2MVC\Angular2MVC\app\components\user.component.js
C:\Users\U3JW\Documents\Visual Studio 2017\Projects\Angular2MVC\Angular2MVC\app\components\user.component.js.map
C:\Users\U3JW\Documents\Visual Studio 2017\Projects\Angular2MVC\Angular2MVC\app\app.component.js
C:\Users\U3JW\Documents\Visual Studio 2017\Projects\Angular2MVC\Angular2MVC\app\app.component.js.map
C:\Users\U3JW\Documents\Visual Studio 2017\Projects\Angular2MVC\Angular2MVC\app\components\home.component.js
C:\Users\U3JW\Documents\Visual Studio 2017\Projects\Angular2MVC\Angular2MVC\app\components\home.component.js.map
C:\Users\U3JW\Documents\Visual Studio 2017\Projects\Angular2MVC\Angular2MVC\app\app.routing.js
C:\Users\U3JW\Documents\Visual Studio 2017\Projects\Angular2MVC\Angular2MVC\app\app.routing.js.map
C:\Users\U3JW\Documents\Visual Studio 2017\Projects\Angular2MVC\Angular2MVC\app\app.module.js
C:\Users\U3JW\Documents\Visual Studio 2017\Projects\Angular2MVC\Angular2MVC\app\app.module.js.map
C:\Users\U3JW\Documents\Visual Studio 2017\Projects\Angular2MVC\Angular2MVC\app\main.js
C:\Users\U3JW\Documents\Visual Studio 2017\Projects\Angular2MVC\Angular2MVC\app\main.js.map
C:\Users\U3JW\Documents\Visual Studio 2017\Projects\Angular2MVC\Angular2MVC\app\Service\user.service.js
C:\Users\U3JW\Documents\Visual Studio 2017\Projects\Angular2MVC\Angular2MVC\app\Service\user.service.js.map
C:\Users\U3JW\Documents\Visual Studio 2017\Projects\Angular2MVC\Angular2MVC\app\Models\user.js
C:\Users\U3JW\Documents\Visual Studio 2017\Projects\Angular2MVC\Angular2MVC\app\Models\user.js.map
C:\Users\U3JW\Documents\Visual Studio 2017\Projects\Angular2MVC\Angular2MVC\app\Shared\enum.js
C:\Users\U3JW\Documents\Visual Studio 2017\Projects\Angular2MVC\Angular2MVC\app\Shared\enum.js.map
C:\Users\U3JW\Documents\Visual Studio 2017\Projects\Angular2MVC\Angular2MVC\app\Shared\global.js
C:\Users\U3JW\Documents\Visual Studio 2017\Projects\Angular2MVC\Angular2MVC\app\Shared\global.js.map
C:\Users\U3JW\Documents\Visual Studio 2017\Projects\Angular2MVC\Angular2MVC\app\components\user.component.js
C:\Users\U3JW\Documents\Visual Studio 2017\Projects\Angular2MVC\Angular2MVC\app\components\user.component.js.map
C:\Users\U3JW\Documents\Visual Studio 2017\Projects\Angular2MVC\Angular2MVC\app\app.component.js
C:\Users\U3JW\Documents\Visual Studio 2017\Projects\Angular2MVC\Angular2MVC\app\app.component.js.map
C:\Users\U3JW\Documents\Visual Studio 2017\Projects\Angular2MVC\Angular2MVC\app\components\home.component.js
C:\Users\U3JW\Documents\Visual Studio 2017\Projects\Angular2MVC\Angular2MVC\app\components\home.component.js.map
C:\Users\U3JW\Documents\Visual Studio 2017\Projects\Angular2MVC\Angular2MVC\app\app.routing.js
C:\Users\U3JW\Documents\Visual Studio 2017\Projects\Angular2MVC\Angular2MVC\app\app.routing.js.map
C:\Users\U3JW\Documents\Visual Studio 2017\Projects\Angular2MVC\Angular2MVC\app\app.module.js
C:\Users\U3JW\Documents\Visual Studio 2017\Projects\Angular2MVC\Angular2MVC\app\app.module.js.map
C:\Users\U3JW\Documents\Visual Studio 2017\Projects\Angular2MVC\Angular2MVC\app\main.js
C:\Users\U3JW\Documents\Visual Studio 2017\Projects\Angular2MVC\Angular2MVC\app\main.js.map
